<?xml version="1.0" encoding="UTF-8"?>
<!-- Generated by org.testng.reporters.JUnitReportReporter -->
<testsuite hostname="DESKTOP-1BLE9HI" failures="0" tests="3" name="pageObjectModel.TestCases.LoginPageTest" time="1.930" errors="0" timestamp="2024-06-05T11:54:27 IST" skipped="0">
  <testcase classname="pageObjectModel.TestCases.LoginPageTest" name="verifyUrl" time="0.034"/>
  <system-out/>
  <testcase classname="pageObjectModel.TestCases.LoginPageTest" name="verifyTitle" time="0.019"/>
  <system-out/>
  <testcase classname="pageObjectModel.TestCases.LoginPageTest" name="verifyLogin" time="1.877"/>
  <system-out/>
</testsuite> <!-- pageObjectModel.TestCases.LoginPageTest -->
