<?xml version="1.0" encoding="UTF-8"?>
<!-- Generated by org.testng.reporters.JUnitReportReporter -->
<testsuite hostname="DESKTOP-1BLE9HI" failures="0" tests="1" name="parallel_CrossBrowserTest.Class1" time="4.371" errors="0" timestamp="2024-07-13T14:16:13 IST" skipped="0">
  <testcase classname="parallel_CrossBrowserTest.Class1" name="chromeTest" time="4.371"/>
</testsuite> <!-- parallel_CrossBrowserTest.Class1 -->
