<?xml version="1.0" encoding="UTF-8"?>
<!-- Generated by org.testng.reporters.JUnitReportReporter -->
<testsuite hostname="DESKTOP-1BLE9HI" failures="0" tests="1" name="testngDemo.ScreenShotDemo" time="8.343" errors="0" timestamp="2024-06-05T13:16:58 IST" skipped="0">
  <testcase classname="testngDemo.ScreenShotDemo" name="capture" time="8.343"/>
  <system-out/>
</testsuite> <!-- testngDemo.ScreenShotDemo -->
