<?xml version="1.0" encoding="UTF-8"?>
<!-- Generated by org.testng.reporters.JUnitReportReporter -->
<testsuite hostname="DESKTOP-1BLE9HI" failures="0" tests="1" name="testngDemo.Guru99test" time="8.653" errors="0" timestamp="2024-06-16T10:32:40 IST" skipped="0">
  <testcase classname="testngDemo.Guru99test" name="logintest" time="8.653"/>
  <system-out/>
</testsuite> <!-- testngDemo.Guru99test -->
