<?xml version="1.0" encoding="UTF-8"?>
<!-- Generated by org.testng.reporters.JUnitReportReporter -->
<testsuite hostname="DESKTOP-1BLE9HI" failures="0" tests="1" name="datadrivenTest.ExtentReportDemo" time="0.549" errors="0" timestamp="2024-06-12T19:10:53 IST" skipped="0">
  <testcase classname="datadrivenTest.ExtentReportDemo" name="reportTest" time="0.549"/>
  <system-out/>
</testsuite> <!-- datadrivenTest.ExtentReportDemo -->
