<?xml version="1.0" encoding="UTF-8"?>
<!-- Generated by org.testng.reporters.JUnitReportReporter -->
<testsuite hostname="DESKTOP-1BLE9HI" failures="0" tests="3" name="parallel_crossBrowserTest2.paralleltesting" time="17.525" errors="0" timestamp="2024-06-15T23:23:40 IST" skipped="0">
  <testcase classname="parallel_crossBrowserTest2.paralleltesting" name="chrometest" time="3.763"/>
  <system-out/>
  <testcase classname="parallel_crossBrowserTest2.paralleltesting" name="firefox" time="5.439"/>
  <system-out/>
  <testcase classname="parallel_crossBrowserTest2.paralleltesting" name="edge" time="8.323"/>
  <system-out/>
</testsuite> <!-- parallel_crossBrowserTest2.paralleltesting -->
