<?xml version="1.0" encoding="UTF-8"?>
<!-- Generated by org.testng.reporters.JUnitReportReporter -->
<testsuite hostname="DESKTOP-1BLE9HI" failures="0" tests="2" name="testngDemo.TestDisableFromExecution" time="0.008" errors="0" timestamp="2024-07-29T13:26:31 IST" skipped="1">
  <testcase classname="testngDemo.TestDisableFromExecution" name="testCase4" time="0.008"/>
  <testcase classname="testngDemo.TestDisableFromExecution" name="testCase3">
    <skipped/>
  </testcase> <!-- testCase3 -->
</testsuite> <!-- testngDemo.TestDisableFromExecution -->
