<?xml version="1.0" encoding="UTF-8"?>
<!-- Generated by org.testng.reporters.JUnitReportReporter -->
<testsuite hostname="DESKTOP-1BLE9HI" failures="0" tests="2" name="realTimeAnnotaionsUse.CRMTestCases" time="3.730" errors="0" timestamp="2024-06-05T11:04:35 IST" skipped="0">
  <testcase classname="realTimeAnnotaionsUse.CRMTestCases" name="signInlinkValidation" time="1.216"/>
  <system-out/>
  <testcase classname="realTimeAnnotaionsUse.CRMTestCases" name="loginValidation" time="2.514"/>
  <system-out/>
</testsuite> <!-- realTimeAnnotaionsUse.CRMTestCases -->
