<?xml version="1.0" encoding="UTF-8"?>
<!-- Generated by org.testng.reporters.JUnitReportReporter -->
<testsuite hostname="DESKTOP-1BLE9HI" failures="0" tests="5" name="testngDemo.TestDemo4_InvocationCount" time="0.014" errors="0" timestamp="2024-07-29T13:26:08 IST" skipped="0">
  <testcase classname="testngDemo.TestDemo4_InvocationCount" name="enrollForTheCourse" time="0.009"/>
  <testcase classname="testngDemo.TestDemo4_InvocationCount" name="training" time="0.001"/>
  <testcase classname="testngDemo.TestDemo4_InvocationCount" name="palcementCall" time="0.002"/>
  <testcase classname="testngDemo.TestDemo4_InvocationCount" name="palcementCall" time="0.001"/>
  <testcase classname="testngDemo.TestDemo4_InvocationCount" name="palcementCall" time="0.001"/>
</testsuite> <!-- testngDemo.TestDemo4_InvocationCount -->
