<?xml version="1.0" encoding="UTF-8"?>
<!-- Generated by org.testng.reporters.JUnitReportReporter -->
<testsuite hostname="DESKTOP-1BLE9HI" failures="0" tests="2" name="testngDemo.TestDemo1" time="0.001" errors="0" timestamp="2024-06-15T23:23:38 IST" skipped="0">
  <testcase classname="testngDemo.TestDemo1" name="testCase2" time="0.000"/>
  <system-out/>
  <testcase classname="testngDemo.TestDemo1" name="testCase1" time="0.001"/>
  <system-out/>
</testsuite> <!-- testngDemo.TestDemo1 -->
