<?xml version="1.0" encoding="UTF-8"?>
<!-- Generated by org.testng.reporters.JUnitReportReporter -->
<testsuite hostname="DESKTOP-1BLE9HI" failures="0" tests="1" name="parallel_crossBrowserTest2.class2" time="31.523" errors="0" timestamp="2024-07-29T13:23:01 IST" skipped="0">
  <testcase classname="parallel_crossBrowserTest2.class2" name="firefox" time="31.523"/>
</testsuite> <!-- parallel_crossBrowserTest2.class2 -->
