<?xml version="1.0" encoding="UTF-8"?>
<!-- Generated by org.testng.reporters.JUnitReportReporter -->
<testsuite hostname="DESKTOP-1BLE9HI" failures="0" tests="1" name="datadrivenTest.ExcelDataRead" time="0.612" errors="0" timestamp="2024-06-10T20:11:58 IST" skipped="0">
  <testcase classname="datadrivenTest.ExcelDataRead" name="dataRead" time="0.612"/>
  <system-out/>
</testsuite> <!-- datadrivenTest.ExcelDataRead -->
