<?xml version="1.0" encoding="UTF-8"?>
<!-- Generated by org.testng.reporters.JUnitReportReporter -->
<testsuite hostname="DESKTOP-1BLE9HI" failures="0" tests="1" name="parallel_CrossBrowserTest.Class1" time="7.162" errors="0" timestamp="2024-06-06T17:51:29 IST" skipped="0">
  <testcase classname="parallel_CrossBrowserTest.Class1" name="chromeTest" time="7.162"/>
  <system-out/>
</testsuite> <!-- parallel_CrossBrowserTest.Class1 -->
