<?xml version="1.0" encoding="UTF-8"?>
<!-- Generated by org.testng.reporters.JUnitReportReporter -->
<testsuite hostname="DESKTOP-1BLE9HI" failures="0" tests="4" name="testngDemo.TestDemo3_Priority" time="0.002" errors="0" timestamp="2024-06-15T23:23:38 IST" skipped="0">
  <testcase classname="testngDemo.TestDemo3_Priority" name="registerTest" time="0.001"/>
  <system-out/>
  <testcase classname="testngDemo.TestDemo3_Priority" name="loginTest" time="0.001"/>
  <system-out/>
  <testcase classname="testngDemo.TestDemo3_Priority" name="searchProductTest" time="0.000"/>
  <system-out/>
  <testcase classname="testngDemo.TestDemo3_Priority" name="addToCartTest" time="0.000"/>
  <system-out/>
</testsuite> <!-- testngDemo.TestDemo3_Priority -->
