<?xml version="1.0" encoding="UTF-8"?>
<!-- Generated by org.testng.reporters.JUnitReportReporter -->
<testsuite hostname="DESKTOP-1BLE9HI" failures="0" tests="1" name="parallel_crossBrowserTest2.class1" time="13.880" errors="0" timestamp="2024-06-15T23:24:23 IST" skipped="0">
  <testcase classname="parallel_crossBrowserTest2.class1" name="chrometest" time="13.880"/>
  <system-out/>
</testsuite> <!-- parallel_crossBrowserTest2.class1 -->
