<?xml version="1.0" encoding="UTF-8"?>
<!-- Generated by org.testng.reporters.JUnitReportReporter -->
<testsuite hostname="DESKTOP-1BLE9HI" failures="0" tests="1" name="testngDemo.ScreenShotDemo" time="5.497" errors="0" timestamp="2024-07-30T17:34:31 IST" skipped="0">
  <testcase classname="testngDemo.ScreenShotDemo" name="capture" time="5.497"/>
</testsuite> <!-- testngDemo.ScreenShotDemo -->
