<?xml version="1.0" encoding="UTF-8"?>
<!-- Generated by org.testng.reporters.JUnitReportReporter -->
<testsuite hostname="DESKTOP-1BLE9HI" failures="0" tests="4" name="datadriventest2.guru99" time="36.738" errors="0" timestamp="2024-06-08T20:57:06 IST" skipped="0">
  <testcase classname="datadriventest2.guru99" name="loginTest" time="9.611"/>
  <system-out/>
  <testcase classname="datadriventest2.guru99" name="loginTest" time="8.496"/>
  <system-out/>
  <testcase classname="datadriventest2.guru99" name="loginTest" time="8.255"/>
  <system-out/>
  <testcase classname="datadriventest2.guru99" name="loginTest" time="10.376"/>
  <system-out/>
</testsuite> <!-- datadriventest2.guru99 -->
