<?xml version="1.0" encoding="UTF-8"?>
<!-- Generated by org.testng.reporters.JUnitReportReporter -->
<testsuite hostname="DESKTOP-1BLE9HI" failures="0" tests="4" name="testngDemo.TestDemo3_Priority" time="0.006" errors="0" timestamp="2024-07-29T13:26:08 IST" skipped="0">
  <testcase classname="testngDemo.TestDemo3_Priority" name="registerTest" time="0.002"/>
  <testcase classname="testngDemo.TestDemo3_Priority" name="loginTest" time="0.002"/>
  <testcase classname="testngDemo.TestDemo3_Priority" name="searchProductTest" time="0.001"/>
  <testcase classname="testngDemo.TestDemo3_Priority" name="addToCartTest" time="0.001"/>
</testsuite> <!-- testngDemo.TestDemo3_Priority -->
