<?xml version="1.0" encoding="UTF-8"?>
<!-- Generated by org.testng.reporters.JUnitReportReporter -->
<testsuite hostname="DESKTOP-1BLE9HI" failures="0" tests="1" name="mouseKeybordHAndlingActions_Robot.scrolltest1" time="9.469" errors="0" timestamp="2024-06-13T17:30:01 IST" skipped="0">
  <testcase classname="mouseKeybordHAndlingActions_Robot.scrolltest1" name="ScrollPageTest" time="9.469"/>
  <system-out/>
</testsuite> <!-- mouseKeybordHAndlingActions_Robot.scrolltest1 -->
