<?xml version="1.0" encoding="UTF-8"?>
<!-- Generated by org.testng.reporters.JUnitReportReporter -->
<testsuite hostname="DESKTOP-1BLE9HI" failures="0" tests="1" name="testngDemo.GoogleTitleValidation" time="3.670" errors="0" timestamp="2024-07-29T13:26:08 IST" skipped="0">
  <testcase classname="testngDemo.GoogleTitleValidation" name="titleValidation" time="3.670"/>
</testsuite> <!-- testngDemo.GoogleTitleValidation -->
