<?xml version="1.0" encoding="UTF-8"?>
<!-- Generated by org.testng.reporters.JUnitReportReporter -->
<testsuite hostname="DESKTOP-1BLE9HI" failures="0" tests="2" name="testngDemo.TestDemo1" time="0.002" errors="0" timestamp="2024-07-29T13:26:08 IST" skipped="0">
  <testcase classname="testngDemo.TestDemo1" name="testCase1" time="0.001"/>
  <testcase classname="testngDemo.TestDemo1" name="testCase2" time="0.001"/>
</testsuite> <!-- testngDemo.TestDemo1 -->
