<?xml version="1.0" encoding="UTF-8"?>
<!-- Generated by org.testng.reporters.JUnitReportReporter -->
<testsuite hostname="DESKTOP-1BLE9HI" failures="0" tests="2" name="testngDemo.AssertionInTestNG" time="0.010" errors="0" timestamp="2024-07-29T13:26:08 IST" skipped="0">
  <testcase classname="testngDemo.AssertionInTestNG" name="hardAssertionTest" time="0.002"/>
  <testcase classname="testngDemo.AssertionInTestNG" name="softAssertionTest" time="0.008"/>
</testsuite> <!-- testngDemo.AssertionInTestNG -->
