<?xml version="1.0" encoding="UTF-8"?>
<!-- Generated by org.testng.reporters.JUnitReportReporter -->
<testsuite hostname="DESKTOP-1BLE9HI" failures="0" tests="3" name="parallel_CrossBrowserTest.ParallelWithMethod$TestDemo2" time="26.413" errors="0" timestamp="2024-06-06T13:07:16 IST" skipped="0">
  <testcase classname="parallel_CrossBrowserTest.ParallelWithMethod$TestDemo2" name="chromeTest" time="14.303"/>
  <system-out/>
  <testcase classname="parallel_CrossBrowserTest.ParallelWithMethod$TestDemo2" name="firefoxTest" time="6.712"/>
  <system-out/>
  <testcase classname="parallel_CrossBrowserTest.ParallelWithMethod$TestDemo2" name="edgeTest" time="5.398"/>
  <system-out/>
</testsuite> <!-- parallel_CrossBrowserTest.ParallelWithMethod$TestDemo2 -->
