<?xml version="1.0" encoding="UTF-8"?>
<!-- Generated by org.testng.reporters.JUnitReportReporter -->
<testsuite hostname="DESKTOP-1BLE9HI" failures="0" tests="1" name="realTimeAnnotaionsUse.CMRTestBasic" time="6.298" errors="0" timestamp="2024-06-04T22:34:53 IST" skipped="0">
  <testcase classname="realTimeAnnotaionsUse.CMRTestBasic" name="crmTest" time="6.298"/>
  <system-out/>
</testsuite> <!-- realTimeAnnotaionsUse.CMRTestBasic -->
