<?xml version="1.0" encoding="UTF-8"?>
<!-- Generated by org.testng.reporters.JUnitReportReporter -->
<testsuite hostname="DESKTOP-1BLE9HI" failures="0" tests="4" name="datadrivenTest.UsingArray" time="0.007" errors="0" timestamp="2024-06-08T18:14:31 IST" skipped="0">
  <testcase classname="datadrivenTest.UsingArray" name="loginTest" time="0.001"/>
  <system-out/>
  <testcase classname="datadrivenTest.UsingArray" name="loginTest" time="0.004"/>
  <system-out/>
  <testcase classname="datadrivenTest.UsingArray" name="loginTest" time="0.001"/>
  <system-out/>
  <testcase classname="datadrivenTest.UsingArray" name="loginTest" time="0.001"/>
  <system-out/>
</testsuite> <!-- datadrivenTest.UsingArray -->
