<?xml version="1.0" encoding="UTF-8"?>
<!-- Generated by org.testng.reporters.JUnitReportReporter -->
<testsuite hostname="DESKTOP-1BLE9HI" failures="0" tests="1" name="testngDemo.PropertiesFileGoogleRead" time="9.231" errors="0" timestamp="2024-06-06T10:59:18 IST" skipped="0">
  <testcase classname="testngDemo.PropertiesFileGoogleRead" name="readFile" time="9.231"/>
  <system-out/>
</testsuite> <!-- testngDemo.PropertiesFileGoogleRead -->
