<?xml version="1.0" encoding="UTF-8"?>
<!-- Generated by org.testng.reporters.JUnitReportReporter -->
<testsuite hostname="DESKTOP-1BLE9HI" failures="0" tests="3" name="testngDemo.TestDemo2" time="18.329" errors="0" timestamp="2024-07-29T13:26:08 IST" skipped="0">
  <testcase classname="testngDemo.TestDemo2" name="chromeTest" time="4.648"/>
  <testcase classname="testngDemo.TestDemo2" name="firefoxTest" time="4.941"/>
  <testcase classname="testngDemo.TestDemo2" name="edgeTest" time="8.740"/>
</testsuite> <!-- testngDemo.TestDemo2 -->
