<?xml version="1.0" encoding="UTF-8"?>
<!-- Generated by org.testng.reporters.JUnitReportReporter -->
<testsuite hostname="DESKTOP-1BLE9HI" failures="0" tests="3" name="testngDemo.TestDemo2" time="41.713" errors="0" timestamp="2024-06-15T23:23:38 IST" skipped="0">
  <testcase classname="testngDemo.TestDemo2" name="chromeTest" time="3.445"/>
  <system-out/>
  <testcase classname="testngDemo.TestDemo2" name="firefoxTest" time="30.898"/>
  <system-out/>
  <testcase classname="testngDemo.TestDemo2" name="edgeTest" time="7.370"/>
  <system-out/>
</testsuite> <!-- testngDemo.TestDemo2 -->
