<?xml version="1.0" encoding="UTF-8"?>
<!-- Generated by org.testng.reporters.JUnitReportReporter -->
<testsuite hostname="DESKTOP-1BLE9HI" failures="0" tests="1" name="testngDemo.AmazonreadProperties" time="9.130" errors="0" timestamp="2024-06-14T14:21:11 IST" skipped="0">
  <testcase classname="testngDemo.AmazonreadProperties" name="Amazontest" time="9.130"/>
  <system-out/>
</testsuite> <!-- testngDemo.AmazonreadProperties -->
