<?xml version="1.0" encoding="UTF-8"?>
<!-- Generated by org.testng.reporters.JUnitReportReporter -->
<testsuite hostname="DESKTOP-1BLE9HI" failures="0" tests="1" name="testngDemo.TestDataUsingXml" time="0.005" errors="0" timestamp="2024-06-15T23:22:43 IST" skipped="0">
  <testcase classname="testngDemo.TestDataUsingXml" name="logingTest" time="0.005"/>
  <system-out/>
</testsuite> <!-- testngDemo.TestDataUsingXml -->
