<?xml version="1.0" encoding="UTF-8"?>
<!-- Generated by org.testng.reporters.JUnitReportReporter -->
<testsuite hostname="DESKTOP-1BLE9HI" failures="0" tests="3" name="testngDemo.GroupTestDemo" time="0.011" errors="0" timestamp="2024-06-04T21:52:39 IST" skipped="0">
  <testcase classname="testngDemo.GroupTestDemo" name="verifyLogin" time="0.008"/>
  <testcase classname="testngDemo.GroupTestDemo" name="verifyTitle" time="0.002"/>
  <testcase classname="testngDemo.GroupTestDemo" name="verifyLogout" time="0.001"/>
</testsuite> <!-- testngDemo.GroupTestDemo -->
