<?xml version="1.0" encoding="UTF-8"?>
<!-- Generated by org.testng.reporters.JUnitReportReporter -->
<testsuite hostname="DESKTOP-1BLE9HI" failures="0" tests="1" name="testngDemo.HrmDataPassingUsingXml" time="18.877" errors="0" timestamp="2024-06-05T21:25:14 IST" skipped="0">
  <testcase classname="testngDemo.HrmDataPassingUsingXml" name="loginTest" time="18.877"/>
  <system-out/>
</testsuite> <!-- testngDemo.HrmDataPassingUsingXml -->
