<?xml version="1.0" encoding="UTF-8"?>
<!-- Generated by org.testng.reporters.JUnitReportReporter -->
<testsuite hostname="DESKTOP-1BLE9HI" failures="0" tests="1" name="mouseKeybordHAndlingActions_Robot.Scrollin_Page" time="7.962" errors="0" timestamp="2024-06-13T16:44:02 IST" skipped="0">
  <testcase classname="mouseKeybordHAndlingActions_Robot.Scrollin_Page" name="amzonscrolltest" time="7.962"/>
  <system-out/>
</testsuite> <!-- mouseKeybordHAndlingActions_Robot.Scrollin_Page -->
