<?xml version="1.0" encoding="UTF-8"?>
<!-- Generated by org.testng.reporters.JUnitReportReporter -->
<testsuite hostname="DESKTOP-1BLE9HI" failures="0" tests="1" name="testngDemo.GoogleTitleValidation" time="3.562" errors="0" timestamp="2024-06-15T23:23:38 IST" skipped="0">
  <testcase classname="testngDemo.GoogleTitleValidation" name="titleValidation" time="3.562"/>
  <system-out/>
</testsuite> <!-- testngDemo.GoogleTitleValidation -->
