<?xml version="1.0" encoding="UTF-8"?>
<!-- Generated by org.testng.reporters.JUnitReportReporter -->
<testsuite hostname="DESKTOP-1BLE9HI" failures="0" tests="1" name="testngDemo.HrmDataPassingUsingXml" time="37.097" errors="0" timestamp="2024-07-03T20:02:14 IST" skipped="0">
  <testcase classname="testngDemo.HrmDataPassingUsingXml" name="loginTest" time="37.097"/>
</testsuite> <!-- testngDemo.HrmDataPassingUsingXml -->
