<?xml version="1.0" encoding="UTF-8"?>
<!-- Generated by org.testng.reporters.JUnitReportReporter -->
<testsuite hostname="DESKTOP-1BLE9HI" failures="0" tests="1" name="realTimeAnnotationsUse.First_test" time="0.007" errors="0" timestamp="2024-06-04T22:24:54 IST" skipped="0">
  <testcase classname="realTimeAnnotationsUse.First_test" name="testingTitle" time="0.007"/>
  <system-out/>
</testsuite> <!-- realTimeAnnotationsUse.First_test -->
