<?xml version="1.0" encoding="UTF-8"?>
<!-- Generated by org.testng.reporters.JUnitReportReporter -->
<testsuite hostname="DESKTOP-1BLE9HI" failures="0" tests="2" name="testngDemo.AssertionInTestNG" time="0.006" errors="0" timestamp="2024-06-15T23:23:38 IST" skipped="0">
  <testcase classname="testngDemo.AssertionInTestNG" name="hardAssertionTest" time="0.001"/>
  <system-out/>
  <testcase classname="testngDemo.AssertionInTestNG" name="softAssertionTest" time="0.005"/>
  <system-out/>
</testsuite> <!-- testngDemo.AssertionInTestNG -->
