<?xml version="1.0" encoding="UTF-8"?>
<!-- Generated by org.testng.reporters.JUnitReportReporter -->
<testsuite hostname="DESKTOP-1BLE9HI" failures="0" tests="5" name="testngDemo.TestDemo4_InvocationCount" time="0.012" errors="0" timestamp="2024-06-15T23:23:38 IST" skipped="0">
  <testcase classname="testngDemo.TestDemo4_InvocationCount" name="enrollForTheCourse" time="0.010"/>
  <system-out/>
  <testcase classname="testngDemo.TestDemo4_InvocationCount" name="training" time="0.000"/>
  <system-out/>
  <testcase classname="testngDemo.TestDemo4_InvocationCount" name="palcementCall" time="0.000"/>
  <system-out/>
  <testcase classname="testngDemo.TestDemo4_InvocationCount" name="palcementCall" time="0.001"/>
  <system-out/>
  <testcase classname="testngDemo.TestDemo4_InvocationCount" name="palcementCall" time="0.001"/>
  <system-out/>
</testsuite> <!-- testngDemo.TestDemo4_InvocationCount -->
