<?xml version="1.0" encoding="UTF-8"?>
<!-- Generated by org.testng.reporters.JUnitReportReporter -->
<testsuite hostname="DESKTOP-1BLE9HI" failures="0" tests="1" name="testngDemo.Guru99test" time="13.070" errors="0" timestamp="2024-07-29T13:24:31 IST" skipped="0">
  <testcase classname="testngDemo.Guru99test" name="logintest" time="13.070"/>
</testsuite> <!-- testngDemo.Guru99test -->
