<?xml version="1.0" encoding="UTF-8"?>
<!-- Generated by org.testng.reporters.JUnitReportReporter -->
<testsuite hostname="DESKTOP-1BLE9HI" failures="0" tests="3" name="testngDemo.TestDisableFromExecution" time="0.007" errors="0" timestamp="2024-06-04T21:45:40 IST" skipped="1">
  <testcase classname="testngDemo.TestDisableFromExecution" name="testCase4" time="0.000"/>
  <testcase classname="testngDemo.TestDisableFromExecution" name="testCase1" time="0.007"/>
  <testcase classname="testngDemo.TestDisableFromExecution" name="testCase3">
    <skipped/>
  </testcase> <!-- testCase3 -->
</testsuite> <!-- testngDemo.TestDisableFromExecution -->
