<?xml version="1.0" encoding="UTF-8"?>
<!-- Generated by org.testng.reporters.JUnitReportReporter -->
<testsuite hostname="DESKTOP-1BLE9HI" failures="0" tests="3" name="testngDemo.GuruRegister" time="21.168" errors="0" timestamp="2024-06-14T20:01:28 IST" skipped="0">
  <testcase classname="testngDemo.GuruRegister" name="Contact_infromation" time="9.254"/>
  <system-out/>
  <testcase classname="testngDemo.GuruRegister" name="Mailing_Information" time="9.204"/>
  <system-out/>
  <testcase classname="testngDemo.GuruRegister" name="User_infromation" time="2.710"/>
  <system-out/>
</testsuite> <!-- testngDemo.GuruRegister -->
